{
  "RSpec": {
    "coverage": {
      "/Users/jonnyandrews/Projects/after_makers/makers_projects/worlds_simplest_poker/app.rb": [
        null,
        null,
        1,
        1,
        1,
        null,
        null,
        1,
        1,
        1,
        null,
        1,
        13,
        null,
        null,
        1,
        6,
        6,
        6,
        6,
        4,
        4,
        4,
        null,
        2,
        2,
        null,
        null,
        null,
        1,
        5,
        5,
        5,
        5,
        5,
        null,
        null,
        1,
        1,
        1,
        1,
        1,
        null,
        null
      ],
      "/Users/jonnyandrews/Projects/after_makers/makers_projects/worlds_simplest_poker/lib/dealer.rb": [
        null,
        null,
        1,
        null,
        null,
        1,
        1,
        null,
        1,
        22,
        22,
        22,
        22,
        null,
        null,
        1,
        14,
        14,
        null,
        null,
        1,
        7,
        7,
        null,
        null,
        1,
        10,
        null,
        null,
        1,
        30,
        null,
        null,
        1,
        null,
        1,
        14,
        14,
        28,
        28,
        null,
        14,
        null,
        null,
        1,
        14,
        28,
        28,
        28,
        null,
        14,
        null,
        null,
        1,
        28,
        28,
        56,
        56,
        null,
        28,
        null,
        null,
        1,
        7,
        7,
        14,
        14,
        28,
        null,
        14,
        null,
        7,
        null,
        null,
        1,
        7,
        14,
        null,
        21,
        7,
        7,
        null,
        null
      ],
      "/Users/jonnyandrews/Projects/after_makers/makers_projects/worlds_simplest_poker/lib/deck.rb": [
        null,
        null,
        1,
        null,
        null,
        1,
        1,
        1,
        1,
        null,
        1,
        1,
        17,
        17,
        null,
        null,
        1,
        55,
        null,
        null,
        1,
        42,
        null,
        null,
        1,
        39,
        39,
        156,
        2028,
        null,
        null,
        39,
        null,
        null
      ],
      "/Users/jonnyandrews/Projects/after_makers/makers_projects/worlds_simplest_poker/lib/card.rb": [
        null,
        null,
        null,
        1,
        1,
        1,
        1821,
        1821,
        1821,
        1821,
        null,
        null,
        1,
        null,
        1,
        1821,
        null,
        455,
        null,
        456,
        null,
        455,
        null,
        455,
        null,
        null,
        null
      ],
      "/Users/jonnyandrews/Projects/after_makers/makers_projects/worlds_simplest_poker/spec/card_spec.rb": [
        null,
        null,
        1,
        null,
        1,
        1,
        1,
        1,
        1,
        1,
        1,
        1,
        null,
        null,
        null
      ],
      "/Users/jonnyandrews/Projects/after_makers/makers_projects/worlds_simplest_poker/spec/dealer_spec.rb": [
        null,
        null,
        1,
        null,
        1,
        1,
        1,
        1,
        null,
        1,
        8,
        null,
        1,
        8,
        null,
        null,
        null,
        null,
        null,
        1,
        1,
        1,
        1,
        1,
        null,
        null,
        null,
        1,
        6,
        null,
        1,
        1,
        1,
        1,
        1,
        null,
        null,
        1,
        1,
        1,
        1,
        null,
        null,
        1,
        1,
        1,
        1,
        null,
        null,
        null,
        1,
        1,
        1,
        1,
        1,
        1,
        null,
        null,
        null,
        1,
        1,
        1,
        1,
        null,
        null,
        1,
        1,
        1,
        null,
        null,
        null,
        1,
        1,
        1,
        1,
        null,
        null,
        null,
        null
      ],
      "/Users/jonnyandrews/Projects/after_makers/makers_projects/worlds_simplest_poker/spec/deck_spec.rb": [
        null,
        null,
        1,
        null,
        1,
        1,
        null,
        4,
        1,
        3,
        null,
        null,
        null,
        1,
        1,
        1,
        1,
        null,
        null,
        null,
        1,
        1,
        1,
        1,
        1,
        null,
        null,
        null,
        1,
        1,
        1,
        1,
        1,
        1,
        1,
        null,
        null,
        null
      ],
      "/Users/jonnyandrews/Projects/after_makers/makers_projects/worlds_simplest_poker/spec/feature/configure_game_spec.rb": [
        null,
        null,
        1,
        1,
        1,
        1,
        null,
        null,
        1,
        1,
        1,
        null,
        null,
        1,
        1,
        1,
        null,
        null,
        1,
        1,
        1,
        1,
        null,
        null,
        1,
        1,
        1,
        1,
        1,
        1,
        1,
        1,
        null,
        null,
        1,
        1,
        1,
        1,
        1,
        1,
        null,
        null
      ],
      "/Users/jonnyandrews/Projects/after_makers/makers_projects/worlds_simplest_poker/spec/feature/winner_screen_spec.rb": [
        null,
        null,
        1,
        1,
        1,
        1,
        1,
        1,
        1,
        null,
        null,
        1,
        1,
        1,
        1,
        1,
        1,
        1,
        null,
        null,
        1,
        1,
        1,
        1,
        1,
        1,
        1,
        null,
        null,
        1,
        1,
        1,
        1,
        1,
        1,
        1,
        null,
        null
      ],
      "/Users/jonnyandrews/Projects/after_makers/makers_projects/worlds_simplest_poker/spec/integration_spec.rb": [
        null,
        null,
        1,
        null,
        1,
        1,
        1,
        1,
        1,
        null,
        1,
        1,
        1,
        1,
        1,
        null,
        null,
        null,
        1,
        6,
        null,
        1,
        1,
        1,
        1,
        null,
        null,
        1,
        1,
        1,
        1,
        null,
        null,
        1,
        1,
        1,
        null,
        null,
        null,
        1,
        1,
        1,
        1,
        1,
        1,
        null,
        null,
        null,
        1,
        1,
        1,
        1,
        null,
        null,
        1,
        1,
        1,
        null,
        null,
        null,
        1,
        1,
        1,
        1,
        1,
        1,
        1,
        null,
        null,
        null,
        null,
        null
      ]
    },
    "timestamp": 1547125829
  }
}
